#
# There is insufficient memory for the Java Runtime Environment to continue.
# Native memory allocation (malloc) failed to allocate 203616 bytes for Chunk::new
# Possible reasons:
#   The system is out of physical RAM or swap space
#   The process is running with CompressedOops enabled, and the Java Heap may be blocking the growth of the native heap
# Possible solutions:
#   Reduce memory load on the system
#   Increase physical memory or swap space
#   Check if swap backing store is full
#   Decrease Java heap size (-Xmx/-Xms)
#   Decrease number of Java threads
#   Decrease Java thread stack sizes (-Xss)
#   Set larger code cache with -XX:ReservedCodeCacheSize=
#   JVM is running with Zero Based Compressed Oops mode in which the Java heap is
#     placed in the first 32GB address space. The Java Heap base address is the
#     maximum limit for the native heap growth. Please use -XX:HeapBaseMinAddress
#     to set the Java Heap base and to place the Java Heap above 32GB virtual address.
# This output file may be truncated or incomplete.
#
#  Out of Memory Error (./open/src/hotspot/share/memory/arena.cpp:197), pid=36964, tid=37592
#
# JRE version: Java(TM) SE Runtime Environment 18.9 (11.0.11+9) (build 11.0.11+9-LTS-194)
# Java VM: Java HotSpot(TM) 64-Bit Server VM 18.9 (11.0.11+9-LTS-194, mixed mode, tiered, compressed oops, g1 gc, windows-amd64)
# No core dump will be written. Minidumps are not enabled by default on client versions of Windows
#

---------------  S U M M A R Y ------------

Command Line: --module-path=E:\NetBeansProjects\sppcontroller\target\classes;E:\.m2\repository\com\fazecast\jSerialComm\2.9.1\jSerialComm-2.9.1.jar;E:\.m2\repository\org\openjfx\javafx-base\13\javafx-base-13-win.jar;E:\.m2\repository\org\openjfx\javafx-controls\13\javafx-controls-13-win.jar;E:\.m2\repository\org\openjfx\javafx-fxml\13\javafx-fxml-13-win.jar;E:\.m2\repository\org\openjfx\javafx-graphics\13\javafx-graphics-13-win.jar --add-modules=com.paolodoom.sppcontroller -Djdk.module.main=com.paolodoom.sppcontroller com.paolodoom.sppcontroller/com.paolodoom.sppcontroller.App

Host: AMD Ryzen 3 3100 4-Core Processor              , 8 cores, 15G,  Windows 10 , 64 bit Build 19041 (10.0.19041.1566)
Time: Fri Apr 15 21:52:44 2022 Hora estándar Sudamérica este elapsed time: 88.212494 seconds (0d 0h 1m 28s)

---------------  T H R E A D  ---------------

Current thread (0x0000027b43244000):  JavaThread "C2 CompilerThread0" daemon [_thread_in_native, id=37592, stack(0x000000d41fb00000,0x000000d41fc00000)]


Current CompileTask:
C2:  88212 3839       4       java.io.OutputStreamWriter::write (11 bytes)

Stack: [0x000000d41fb00000,0x000000d41fc00000]
Native frames: (J=compiled Java code, j=interpreted, Vv=VM code, C=native code)
V  [jvm.dll+0x616f2a]
V  [jvm.dll+0x74de7f]
V  [jvm.dll+0x74f505]
V  [jvm.dll+0x74fb83]
V  [jvm.dll+0x2436d8]
V  [jvm.dll+0xba68c]
V  [jvm.dll+0xbad8c]
V  [jvm.dll+0x2b3ee4]
V  [jvm.dll+0x52c0f6]
V  [jvm.dll+0x1fe9d7]
V  [jvm.dll+0x1fc10f]
V  [jvm.dll+0x17f0bc]
V  [jvm.dll+0x20b68c]
V  [jvm.dll+0x20978b]
V  [jvm.dll+0x7152c9]
V  [jvm.dll+0x70dfc4]
V  [jvm.dll+0x6160f6]
C  [ucrtbase.dll+0x21bb2]
C  [KERNEL32.DLL+0x17034]
C  [ntdll.dll+0x52651]


---------------  P R O C E S S  ---------------

Threads class SMR info:
_java_thread_list=0x0000027b4cbbf4e0, length=18, elements={
0x0000027b1cf57000, 0x0000027b42971800, 0x0000027b42973800, 0x0000027b43240800,
0x0000027b43243000, 0x0000027b43244000, 0x0000027b43249000, 0x0000027b43291000,
0x0000027b4292e800, 0x0000027b43c86000, 0x0000027b43de4000, 0x0000027b44111800,
0x0000027b4460f000, 0x0000027b43528800, 0x0000027b444b4000, 0x0000027b44dfc800,
0x0000027b4cbaf800, 0x0000027b4454d800
}

Java Threads: ( => current thread )
  0x0000027b1cf57000 JavaThread "main" [_thread_blocked, id=31916, stack(0x000000d41f000000,0x000000d41f100000)]
  0x0000027b42971800 JavaThread "Reference Handler" daemon [_thread_blocked, id=35372, stack(0x000000d41f700000,0x000000d41f800000)]
  0x0000027b42973800 JavaThread "Finalizer" daemon [_thread_blocked, id=37264, stack(0x000000d41f800000,0x000000d41f900000)]
  0x0000027b43240800 JavaThread "Signal Dispatcher" daemon [_thread_blocked, id=34364, stack(0x000000d41f900000,0x000000d41fa00000)]
  0x0000027b43243000 JavaThread "Attach Listener" daemon [_thread_blocked, id=35256, stack(0x000000d41fa00000,0x000000d41fb00000)]
=>0x0000027b43244000 JavaThread "C2 CompilerThread0" daemon [_thread_in_native, id=37592, stack(0x000000d41fb00000,0x000000d41fc00000)]
  0x0000027b43249000 JavaThread "C1 CompilerThread0" daemon [_thread_blocked, id=36756, stack(0x000000d41fc00000,0x000000d41fd00000)]
  0x0000027b43291000 JavaThread "Sweeper thread" daemon [_thread_blocked, id=37356, stack(0x000000d41fd00000,0x000000d41fe00000)]
  0x0000027b4292e800 JavaThread "Common-Cleaner" daemon [_thread_blocked, id=37140, stack(0x000000d41fe00000,0x000000d41ff00000)]
  0x0000027b43c86000 JavaThread "Service Thread" daemon [_thread_blocked, id=35560, stack(0x000000d420100000,0x000000d420200000)]
  0x0000027b43de4000 JavaThread "QuantumRenderer-0" daemon [_thread_blocked, id=19120, stack(0x000000d420300000,0x000000d420400000)]
  0x0000027b44111800 JavaThread "InvokeLaterDispatcher" daemon [_thread_blocked, id=30944, stack(0x000000d420500000,0x000000d420600000)]
  0x0000027b4460f000 JavaThread "JavaFX Application Thread" [_thread_in_native, id=30440, stack(0x000000d420600000,0x000000d420700000)]
  0x0000027b43528800 JavaThread "JavaFX-Launcher" [_thread_blocked, id=35644, stack(0x000000d420000000,0x000000d420100000)]
  0x0000027b444b4000 JavaThread "Thread-2" daemon [_thread_in_native, id=37312, stack(0x000000d41ff00000,0x000000d420000000)]
  0x0000027b44dfc800 JavaThread "Prism Font Disposer" daemon [_thread_blocked, id=37124, stack(0x000000d421150000,0x000000d421250000)]
  0x0000027b4cbaf800 JavaThread "Cleaner-0" daemon [_thread_blocked, id=34024, stack(0x000000d421450000,0x000000d421550000)]
  0x0000027b4454d800 JavaThread "Thread-4" [_thread_in_native, id=6100, stack(0x000000d420400000,0x000000d420500000)]

Other Threads:
  0x0000027b4296f000 VMThread "VM Thread" [stack: 0x000000d41f600000,0x000000d41f700000] [id=37380]
  0x0000027b43a9f000 WatcherThread [stack: 0x000000d420200000,0x000000d420300000] [id=37008]
  0x0000027b1cf6b000 GCTaskThread "GC Thread#0" [stack: 0x000000d41f100000,0x000000d41f200000] [id=34112]
  0x0000027b4406b000 GCTaskThread "GC Thread#1" [stack: 0x000000d420850000,0x000000d420950000] [id=35440]
  0x0000027b4468a000 GCTaskThread "GC Thread#2" [stack: 0x000000d420950000,0x000000d420a50000] [id=36968]
  0x0000027b44601000 GCTaskThread "GC Thread#3" [stack: 0x000000d420a50000,0x000000d420b50000] [id=1688]
  0x0000027b4466a800 GCTaskThread "GC Thread#4" [stack: 0x000000d420b50000,0x000000d420c50000] [id=36976]
  0x0000027b4466b000 GCTaskThread "GC Thread#5" [stack: 0x000000d420c50000,0x000000d420d50000] [id=29692]
  0x0000027b4370d000 GCTaskThread "GC Thread#6" [stack: 0x000000d420d50000,0x000000d420e50000] [id=48500]
  0x0000027b441ee000 GCTaskThread "GC Thread#7" [stack: 0x000000d421250000,0x000000d421350000] [id=48768]
  0x0000027b1cfc8800 ConcurrentGCThread "G1 Main Marker" [stack: 0x000000d41f200000,0x000000d41f300000] [id=35672]
  0x0000027b1cfcb000 ConcurrentGCThread "G1 Conc#0" [stack: 0x000000d41f300000,0x000000d41f400000] [id=37444]
  0x0000027b4d6b5800 ConcurrentGCThread "G1 Conc#1" [stack: 0x000000d421350000,0x000000d421450000] [id=34164]
  0x0000027b1d03e800 ConcurrentGCThread "G1 Refine#0" [stack: 0x000000d41f400000,0x000000d41f500000] [id=34548]
  0x0000027b42854800 ConcurrentGCThread "G1 Young RemSet Sampling" [stack: 0x000000d41f500000,0x000000d41f600000] [id=36924]

Threads with active compile tasks:
C2 CompilerThread0  88247 3839       4       java.io.OutputStreamWriter::write (11 bytes)

VM state:not at safepoint (normal execution)

VM Mutex/Monitor currently owned by a thread: None

Heap address: 0x0000000700e00000, size: 4082 MB, Compressed Oops mode: Zero based, Oop shift amount: 3
Narrow klass base: 0x0000000800000000, Narrow klass shift: 0
Compressed class space size: 1073741824 Address: 0x0000000800000000

Heap:
 garbage-first heap   total 262144K, used 43734K [0x0000000700e00000, 0x0000000800000000)
  region size 1024K, 37 young (37888K), 4 survivors (4096K)
 Metaspace       used 26098K, capacity 27124K, committed 27392K, reserved 1073152K
  class space    used 3290K, capacity 3732K, committed 3840K, reserved 1048576K
Heap Regions: E=young(eden), S=young(survivor), O=old, HS=humongous(starts), HC=humongous(continues), CS=collection set, F=free, A=archive, TAMS=top-at-mark-start (previous, next)
|   0|0x0000000700e00000, 0x0000000700f00000, 0x0000000700f00000|100%|HS|  |TAMS 0x0000000700e00000, 0x0000000700e00000| Complete 
|   1|0x0000000700f00000, 0x0000000701000000, 0x0000000701000000|100%|HC|  |TAMS 0x0000000700f00000, 0x0000000700f00000| Complete 
|   2|0x0000000701000000, 0x0000000701100000, 0x0000000701100000|100%| O|  |TAMS 0x0000000701000000, 0x0000000701000000| Untracked 
|   3|0x0000000701100000, 0x0000000701200000, 0x0000000701200000|100%| O|  |TAMS 0x0000000701100000, 0x0000000701100000| Untracked 
|   4|0x0000000701200000, 0x0000000701300000, 0x0000000701300000|100%| O|  |TAMS 0x0000000701200000, 0x0000000701200000| Untracked 
|   5|0x0000000701300000, 0x0000000701400000, 0x0000000701400000|100%| O|  |TAMS 0x0000000701300000, 0x0000000701300000| Untracked 
|   6|0x0000000701400000, 0x0000000701500000, 0x0000000701500000|100%| O|  |TAMS 0x0000000701400000, 0x0000000701400000| Untracked 
|   7|0x0000000701500000, 0x00000007015fc400, 0x0000000701600000| 98%| O|  |TAMS 0x0000000701500000, 0x0000000701500000| Untracked 
|   8|0x0000000701600000, 0x0000000701600000, 0x0000000701700000|  0%| F|  |TAMS 0x0000000701600000, 0x0000000701600000| Untracked 
|   9|0x0000000701700000, 0x0000000701700000, 0x0000000701800000|  0%| F|  |TAMS 0x0000000701700000, 0x0000000701700000| Untracked 
|  10|0x0000000701800000, 0x0000000701800000, 0x0000000701900000|  0%| F|  |TAMS 0x0000000701800000, 0x0000000701800000| Untracked 
|  11|0x0000000701900000, 0x0000000701900000, 0x0000000701a00000|  0%| F|  |TAMS 0x0000000701900000, 0x0000000701900000| Untracked 
|  12|0x0000000701a00000, 0x0000000701a00000, 0x0000000701b00000|  0%| F|  |TAMS 0x0000000701a00000, 0x0000000701a00000| Untracked 
|  13|0x0000000701b00000, 0x0000000701b00000, 0x0000000701c00000|  0%| F|  |TAMS 0x0000000701b00000, 0x0000000701b00000| Untracked 
|  14|0x0000000701c00000, 0x0000000701c00000, 0x0000000701d00000|  0%| F|  |TAMS 0x0000000701c00000, 0x0000000701c00000| Untracked 
|  15|0x0000000701d00000, 0x0000000701d00000, 0x0000000701e00000|  0%| F|  |TAMS 0x0000000701d00000, 0x0000000701d00000| Untracked 
|  16|0x0000000701e00000, 0x0000000701e00000, 0x0000000701f00000|  0%| F|  |TAMS 0x0000000701e00000, 0x0000000701e00000| Untracked 
|  17|0x0000000701f00000, 0x0000000701f00000, 0x0000000702000000|  0%| F|  |TAMS 0x0000000701f00000, 0x0000000701f00000| Untracked 
|  18|0x0000000702000000, 0x0000000702000000, 0x0000000702100000|  0%| F|  |TAMS 0x0000000702000000, 0x0000000702000000| Untracked 
|  19|0x0000000702100000, 0x0000000702100000, 0x0000000702200000|  0%| F|  |TAMS 0x0000000702100000, 0x0000000702100000| Untracked 
|  20|0x0000000702200000, 0x0000000702200000, 0x0000000702300000|  0%| F|  |TAMS 0x0000000702200000, 0x0000000702200000| Untracked 
|  21|0x0000000702300000, 0x0000000702300000, 0x0000000702400000|  0%| F|  |TAMS 0x0000000702300000, 0x0000000702300000| Untracked 
|  22|0x0000000702400000, 0x0000000702400000, 0x0000000702500000|  0%| F|  |TAMS 0x0000000702400000, 0x0000000702400000| Untracked 
|  23|0x0000000702500000, 0x0000000702500000, 0x0000000702600000|  0%| F|  |TAMS 0x0000000702500000, 0x0000000702500000| Untracked 
|  24|0x0000000702600000, 0x0000000702600000, 0x0000000702700000|  0%| F|  |TAMS 0x0000000702600000, 0x0000000702600000| Untracked 
|  25|0x0000000702700000, 0x0000000702700000, 0x0000000702800000|  0%| F|  |TAMS 0x0000000702700000, 0x0000000702700000| Untracked 
|  26|0x0000000702800000, 0x0000000702800000, 0x0000000702900000|  0%| F|  |TAMS 0x0000000702800000, 0x0000000702800000| Untracked 
|  27|0x0000000702900000, 0x0000000702900000, 0x0000000702a00000|  0%| F|  |TAMS 0x0000000702900000, 0x0000000702900000| Untracked 
|  28|0x0000000702a00000, 0x0000000702a00000, 0x0000000702b00000|  0%| F|  |TAMS 0x0000000702a00000, 0x0000000702a00000| Untracked 
|  29|0x0000000702b00000, 0x0000000702b00000, 0x0000000702c00000|  0%| F|  |TAMS 0x0000000702b00000, 0x0000000702b00000| Untracked 
|  30|0x0000000702c00000, 0x0000000702c00000, 0x0000000702d00000|  0%| F|  |TAMS 0x0000000702c00000, 0x0000000702c00000| Untracked 
|  31|0x0000000702d00000, 0x0000000702d00000, 0x0000000702e00000|  0%| F|  |TAMS 0x0000000702d00000, 0x0000000702d00000| Untracked 
|  32|0x0000000702e00000, 0x0000000702e00000, 0x0000000702f00000|  0%| F|  |TAMS 0x0000000702e00000, 0x0000000702e00000| Untracked 
|  33|0x0000000702f00000, 0x0000000702f00000, 0x0000000703000000|  0%| F|  |TAMS 0x0000000702f00000, 0x0000000702f00000| Untracked 
|  34|0x0000000703000000, 0x0000000703000000, 0x0000000703100000|  0%| F|  |TAMS 0x0000000703000000, 0x0000000703000000| Untracked 
|  35|0x0000000703100000, 0x0000000703100000, 0x0000000703200000|  0%| F|  |TAMS 0x0000000703100000, 0x0000000703100000| Untracked 
|  36|0x0000000703200000, 0x0000000703200000, 0x0000000703300000|  0%| F|  |TAMS 0x0000000703200000, 0x0000000703200000| Untracked 
|  37|0x0000000703300000, 0x0000000703300000, 0x0000000703400000|  0%| F|  |TAMS 0x0000000703300000, 0x0000000703300000| Untracked 
|  38|0x0000000703400000, 0x0000000703400000, 0x0000000703500000|  0%| F|  |TAMS 0x0000000703400000, 0x0000000703400000| Untracked 
|  39|0x0000000703500000, 0x0000000703500000, 0x0000000703600000|  0%| F|  |TAMS 0x0000000703500000, 0x0000000703500000| Untracked 
|  40|0x0000000703600000, 0x0000000703600000, 0x0000000703700000|  0%| F|  |TAMS 0x0000000703600000, 0x0000000703600000| Untracked 
|  41|0x0000000703700000, 0x0000000703700000, 0x0000000703800000|  0%| F|  |TAMS 0x0000000703700000, 0x0000000703700000| Untracked 
|  42|0x0000000703800000, 0x0000000703800000, 0x0000000703900000|  0%| F|  |TAMS 0x0000000703800000, 0x0000000703800000| Untracked 
|  43|0x0000000703900000, 0x0000000703900000, 0x0000000703a00000|  0%| F|  |TAMS 0x0000000703900000, 0x0000000703900000| Untracked 
|  44|0x0000000703a00000, 0x0000000703a00000, 0x0000000703b00000|  0%| F|  |TAMS 0x0000000703a00000, 0x0000000703a00000| Untracked 
|  45|0x0000000703b00000, 0x0000000703b00000, 0x0000000703c00000|  0%| F|  |TAMS 0x0000000703b00000, 0x0000000703b00000| Untracked 
|  46|0x0000000703c00000, 0x0000000703c00000, 0x0000000703d00000|  0%| F|  |TAMS 0x0000000703c00000, 0x0000000703c00000| Untracked 
|  47|0x0000000703d00000, 0x0000000703d00000, 0x0000000703e00000|  0%| F|  |TAMS 0x0000000703d00000, 0x0000000703d00000| Untracked 
|  48|0x0000000703e00000, 0x0000000703e00000, 0x0000000703f00000|  0%| F|  |TAMS 0x0000000703e00000, 0x0000000703e00000| Untracked 
|  49|0x0000000703f00000, 0x0000000703f00000, 0x0000000704000000|  0%| F|  |TAMS 0x0000000703f00000, 0x0000000703f00000| Untracked 
|  50|0x0000000704000000, 0x0000000704000000, 0x0000000704100000|  0%| F|  |TAMS 0x0000000704000000, 0x0000000704000000| Untracked 
|  51|0x0000000704100000, 0x0000000704100000, 0x0000000704200000|  0%| F|  |TAMS 0x0000000704100000, 0x0000000704100000| Untracked 
|  52|0x0000000704200000, 0x0000000704200000, 0x0000000704300000|  0%| F|  |TAMS 0x0000000704200000, 0x0000000704200000| Untracked 
|  53|0x0000000704300000, 0x0000000704300000, 0x0000000704400000|  0%| F|  |TAMS 0x0000000704300000, 0x0000000704300000| Untracked 
|  54|0x0000000704400000, 0x0000000704400000, 0x0000000704500000|  0%| F|  |TAMS 0x0000000704400000, 0x0000000704400000| Untracked 
|  55|0x0000000704500000, 0x0000000704500000, 0x0000000704600000|  0%| F|  |TAMS 0x0000000704500000, 0x0000000704500000| Untracked 
|  56|0x0000000704600000, 0x0000000704600000, 0x0000000704700000|  0%| F|  |TAMS 0x0000000704600000, 0x0000000704600000| Untracked 
|  57|0x0000000704700000, 0x0000000704700000, 0x0000000704800000|  0%| F|  |TAMS 0x0000000704700000, 0x0000000704700000| Untracked 
|  58|0x0000000704800000, 0x0000000704800000, 0x0000000704900000|  0%| F|  |TAMS 0x0000000704800000, 0x0000000704800000| Untracked 
|  59|0x0000000704900000, 0x0000000704900000, 0x0000000704a00000|  0%| F|  |TAMS 0x0000000704900000, 0x0000000704900000| Untracked 
|  60|0x0000000704a00000, 0x0000000704a00000, 0x0000000704b00000|  0%| F|  |TAMS 0x0000000704a00000, 0x0000000704a00000| Untracked 
|  61|0x0000000704b00000, 0x0000000704b00000, 0x0000000704c00000|  0%| F|  |TAMS 0x0000000704b00000, 0x0000000704b00000| Untracked 
|  62|0x0000000704c00000, 0x0000000704c00000, 0x0000000704d00000|  0%| F|  |TAMS 0x0000000704c00000, 0x0000000704c00000| Untracked 
|  63|0x0000000704d00000, 0x0000000704d00000, 0x0000000704e00000|  0%| F|  |TAMS 0x0000000704d00000, 0x0000000704d00000| Untracked 
|  64|0x0000000704e00000, 0x0000000704e00000, 0x0000000704f00000|  0%| F|  |TAMS 0x0000000704e00000, 0x0000000704e00000| Untracked 
|  65|0x0000000704f00000, 0x0000000704f00000, 0x0000000705000000|  0%| F|  |TAMS 0x0000000704f00000, 0x0000000704f00000| Untracked 
|  66|0x0000000705000000, 0x0000000705000000, 0x0000000705100000|  0%| F|  |TAMS 0x0000000705000000, 0x0000000705000000| Untracked 
|  67|0x0000000705100000, 0x0000000705100000, 0x0000000705200000|  0%| F|  |TAMS 0x0000000705100000, 0x0000000705100000| Untracked 
|  68|0x0000000705200000, 0x0000000705200000, 0x0000000705300000|  0%| F|  |TAMS 0x0000000705200000, 0x0000000705200000| Untracked 
|  69|0x0000000705300000, 0x0000000705300000, 0x0000000705400000|  0%| F|  |TAMS 0x0000000705300000, 0x0000000705300000| Untracked 
|  70|0x0000000705400000, 0x0000000705400000, 0x0000000705500000|  0%| F|  |TAMS 0x0000000705400000, 0x0000000705400000| Untracked 
|  71|0x0000000705500000, 0x0000000705500000, 0x0000000705600000|  0%| F|  |TAMS 0x0000000705500000, 0x0000000705500000| Untracked 
|  72|0x0000000705600000, 0x0000000705600000, 0x0000000705700000|  0%| F|  |TAMS 0x0000000705600000, 0x0000000705600000| Untracked 
|  73|0x0000000705700000, 0x0000000705700000, 0x0000000705800000|  0%| F|  |TAMS 0x0000000705700000, 0x0000000705700000| Untracked 
|  74|0x0000000705800000, 0x0000000705800000, 0x0000000705900000|  0%| F|  |TAMS 0x0000000705800000, 0x0000000705800000| Untracked 
|  75|0x0000000705900000, 0x0000000705900000, 0x0000000705a00000|  0%| F|  |TAMS 0x0000000705900000, 0x0000000705900000| Untracked 
|  76|0x0000000705a00000, 0x0000000705a00000, 0x0000000705b00000|  0%| F|  |TAMS 0x0000000705a00000, 0x0000000705a00000| Untracked 
|  77|0x0000000705b00000, 0x0000000705b00000, 0x0000000705c00000|  0%| F|  |TAMS 0x0000000705b00000, 0x0000000705b00000| Untracked 
|  78|0x0000000705c00000, 0x0000000705c00000, 0x0000000705d00000|  0%| F|  |TAMS 0x0000000705c00000, 0x0000000705c00000| Untracked 
|  79|0x0000000705d00000, 0x0000000705d00000, 0x0000000705e00000|  0%| F|  |TAMS 0x0000000705d00000, 0x0000000705d00000| Untracked 
|  80|0x0000000705e00000, 0x0000000705e00000, 0x0000000705f00000|  0%| F|  |TAMS 0x0000000705e00000, 0x0000000705e00000| Untracked 
|  81|0x0000000705f00000, 0x0000000705f00000, 0x0000000706000000|  0%| F|  |TAMS 0x0000000705f00000, 0x0000000705f00000| Untracked 
|  82|0x0000000706000000, 0x0000000706000000, 0x0000000706100000|  0%| F|  |TAMS 0x0000000706000000, 0x0000000706000000| Untracked 
|  83|0x0000000706100000, 0x0000000706100000, 0x0000000706200000|  0%| F|  |TAMS 0x0000000706100000, 0x0000000706100000| Untracked 
|  84|0x0000000706200000, 0x0000000706200000, 0x0000000706300000|  0%| F|  |TAMS 0x0000000706200000, 0x0000000706200000| Untracked 
|  85|0x0000000706300000, 0x0000000706300000, 0x0000000706400000|  0%| F|  |TAMS 0x0000000706300000, 0x0000000706300000| Untracked 
|  86|0x0000000706400000, 0x0000000706400000, 0x0000000706500000|  0%| F|  |TAMS 0x0000000706400000, 0x0000000706400000| Untracked 
|  87|0x0000000706500000, 0x0000000706500000, 0x0000000706600000|  0%| F|  |TAMS 0x0000000706500000, 0x0000000706500000| Untracked 
|  88|0x0000000706600000, 0x0000000706600000, 0x0000000706700000|  0%| F|  |TAMS 0x0000000706600000, 0x0000000706600000| Untracked 
|  89|0x0000000706700000, 0x0000000706700000, 0x0000000706800000|  0%| F|  |TAMS 0x0000000706700000, 0x0000000706700000| Untracked 
|  90|0x0000000706800000, 0x0000000706800000, 0x0000000706900000|  0%| F|  |TAMS 0x0000000706800000, 0x0000000706800000| Untracked 
|  91|0x0000000706900000, 0x0000000706900000, 0x0000000706a00000|  0%| F|  |TAMS 0x0000000706900000, 0x0000000706900000| Untracked 
|  92|0x0000000706a00000, 0x0000000706a00000, 0x0000000706b00000|  0%| F|  |TAMS 0x0000000706a00000, 0x0000000706a00000| Untracked 
|  93|0x0000000706b00000, 0x0000000706b00000, 0x0000000706c00000|  0%| F|  |TAMS 0x0000000706b00000, 0x0000000706b00000| Untracked 
|  94|0x0000000706c00000, 0x0000000706c00000, 0x0000000706d00000|  0%| F|  |TAMS 0x0000000706c00000, 0x0000000706c00000| Untracked 
|  95|0x0000000706d00000, 0x0000000706d00000, 0x0000000706e00000|  0%| F|  |TAMS 0x0000000706d00000, 0x0000000706d00000| Untracked 
|  96|0x0000000706e00000, 0x0000000706e00000, 0x0000000706f00000|  0%| F|  |TAMS 0x0000000706e00000, 0x0000000706e00000| Untracked 
|  97|0x0000000706f00000, 0x0000000706f00000, 0x0000000707000000|  0%| F|  |TAMS 0x0000000706f00000, 0x0000000706f00000| Untracked 
|  98|0x0000000707000000, 0x0000000707000000, 0x0000000707100000|  0%| F|  |TAMS 0x0000000707000000, 0x0000000707000000| Untracked 
|  99|0x0000000707100000, 0x0000000707100000, 0x0000000707200000|  0%| F|  |TAMS 0x0000000707100000, 0x0000000707100000| Untracked 
| 100|0x0000000707200000, 0x0000000707200000, 0x0000000707300000|  0%| F|  |TAMS 0x0000000707200000, 0x0000000707200000| Untracked 
| 101|0x0000000707300000, 0x0000000707300000, 0x0000000707400000|  0%| F|  |TAMS 0x0000000707300000, 0x0000000707300000| Untracked 
| 102|0x0000000707400000, 0x0000000707400000, 0x0000000707500000|  0%| F|  |TAMS 0x0000000707400000, 0x0000000707400000| Untracked 
| 103|0x0000000707500000, 0x0000000707500000, 0x0000000707600000|  0%| F|  |TAMS 0x0000000707500000, 0x0000000707500000| Untracked 
| 104|0x0000000707600000, 0x0000000707600000, 0x0000000707700000|  0%| F|  |TAMS 0x0000000707600000, 0x0000000707600000| Untracked 
| 105|0x0000000707700000, 0x0000000707700000, 0x0000000707800000|  0%| F|  |TAMS 0x0000000707700000, 0x0000000707700000| Untracked 
| 106|0x0000000707800000, 0x0000000707800000, 0x0000000707900000|  0%| F|  |TAMS 0x0000000707800000, 0x0000000707800000| Untracked 
| 107|0x0000000707900000, 0x0000000707900000, 0x0000000707a00000|  0%| F|  |TAMS 0x0000000707900000, 0x0000000707900000| Untracked 
| 108|0x0000000707a00000, 0x0000000707a00000, 0x0000000707b00000|  0%| F|  |TAMS 0x0000000707a00000, 0x0000000707a00000| Untracked 
| 109|0x0000000707b00000, 0x0000000707b00000, 0x0000000707c00000|  0%| F|  |TAMS 0x0000000707b00000, 0x0000000707b00000| Untracked 
| 110|0x0000000707c00000, 0x0000000707c00000, 0x0000000707d00000|  0%| F|  |TAMS 0x0000000707c00000, 0x0000000707c00000| Untracked 
| 111|0x0000000707d00000, 0x0000000707d00000, 0x0000000707e00000|  0%| F|  |TAMS 0x0000000707d00000, 0x0000000707d00000| Untracked 
| 112|0x0000000707e00000, 0x0000000707e00000, 0x0000000707f00000|  0%| F|  |TAMS 0x0000000707e00000, 0x0000000707e00000| Untracked 
| 113|0x0000000707f00000, 0x0000000707f00000, 0x0000000708000000|  0%| F|  |TAMS 0x0000000707f00000, 0x0000000707f00000| Untracked 
| 114|0x0000000708000000, 0x0000000708000000, 0x0000000708100000|  0%| F|  |TAMS 0x0000000708000000, 0x0000000708000000| Untracked 
| 115|0x0000000708100000, 0x0000000708100000, 0x0000000708200000|  0%| F|  |TAMS 0x0000000708100000, 0x0000000708100000| Untracked 
| 116|0x0000000708200000, 0x0000000708200000, 0x0000000708300000|  0%| F|  |TAMS 0x0000000708200000, 0x0000000708200000| Untracked 
| 117|0x0000000708300000, 0x0000000708300000, 0x0000000708400000|  0%| F|  |TAMS 0x0000000708300000, 0x0000000708300000| Untracked 
| 118|0x0000000708400000, 0x0000000708400000, 0x0000000708500000|  0%| F|  |TAMS 0x0000000708400000, 0x0000000708400000| Untracked 
| 119|0x0000000708500000, 0x00000007085b9570, 0x0000000708600000| 72%| S|CS|TAMS 0x0000000708500000, 0x0000000708500000| Complete 
| 120|0x0000000708600000, 0x0000000708700000, 0x0000000708700000|100%| S|CS|TAMS 0x0000000708600000, 0x0000000708600000| Complete 
| 121|0x0000000708700000, 0x0000000708800000, 0x0000000708800000|100%| S|CS|TAMS 0x0000000708700000, 0x0000000708700000| Complete 
| 122|0x0000000708800000, 0x0000000708900000, 0x0000000708900000|100%| S|CS|TAMS 0x0000000708800000, 0x0000000708800000| Complete 
| 123|0x0000000708900000, 0x0000000708900000, 0x0000000708a00000|  0%| F|  |TAMS 0x0000000708900000, 0x0000000708900000| Untracked 
| 124|0x0000000708a00000, 0x0000000708a00000, 0x0000000708b00000|  0%| F|  |TAMS 0x0000000708a00000, 0x0000000708a00000| Untracked 
| 125|0x0000000708b00000, 0x0000000708b00000, 0x0000000708c00000|  0%| F|  |TAMS 0x0000000708b00000, 0x0000000708b00000| Untracked 
| 126|0x0000000708c00000, 0x0000000708c00000, 0x0000000708d00000|  0%| F|  |TAMS 0x0000000708c00000, 0x0000000708c00000| Untracked 
| 127|0x0000000708d00000, 0x0000000708d00000, 0x0000000708e00000|  0%| F|  |TAMS 0x0000000708d00000, 0x0000000708d00000| Untracked 
| 128|0x0000000708e00000, 0x0000000708e00000, 0x0000000708f00000|  0%| F|  |TAMS 0x0000000708e00000, 0x0000000708e00000| Untracked 
| 129|0x0000000708f00000, 0x0000000708f00000, 0x0000000709000000|  0%| F|  |TAMS 0x0000000708f00000, 0x0000000708f00000| Untracked 
| 130|0x0000000709000000, 0x0000000709000000, 0x0000000709100000|  0%| F|  |TAMS 0x0000000709000000, 0x0000000709000000| Untracked 
| 131|0x0000000709100000, 0x0000000709100000, 0x0000000709200000|  0%| F|  |TAMS 0x0000000709100000, 0x0000000709100000| Untracked 
| 132|0x0000000709200000, 0x0000000709200000, 0x0000000709300000|  0%| F|  |TAMS 0x0000000709200000, 0x0000000709200000| Untracked 
| 133|0x0000000709300000, 0x0000000709300000, 0x0000000709400000|  0%| F|  |TAMS 0x0000000709300000, 0x0000000709300000| Untracked 
| 134|0x0000000709400000, 0x0000000709400000, 0x0000000709500000|  0%| F|  |TAMS 0x0000000709400000, 0x0000000709400000| Untracked 
| 135|0x0000000709500000, 0x0000000709500000, 0x0000000709600000|  0%| F|  |TAMS 0x0000000709500000, 0x0000000709500000| Untracked 
| 136|0x0000000709600000, 0x0000000709600000, 0x0000000709700000|  0%| F|  |TAMS 0x0000000709600000, 0x0000000709600000| Untracked 
| 137|0x0000000709700000, 0x0000000709700000, 0x0000000709800000|  0%| F|  |TAMS 0x0000000709700000, 0x0000000709700000| Untracked 
| 138|0x0000000709800000, 0x0000000709800000, 0x0000000709900000|  0%| F|  |TAMS 0x0000000709800000, 0x0000000709800000| Untracked 
| 139|0x0000000709900000, 0x0000000709900000, 0x0000000709a00000|  0%| F|  |TAMS 0x0000000709900000, 0x0000000709900000| Untracked 
| 140|0x0000000709a00000, 0x0000000709a00000, 0x0000000709b00000|  0%| F|  |TAMS 0x0000000709a00000, 0x0000000709a00000| Untracked 
| 141|0x0000000709b00000, 0x0000000709b00000, 0x0000000709c00000|  0%| F|  |TAMS 0x0000000709b00000, 0x0000000709b00000| Untracked 
| 142|0x0000000709c00000, 0x0000000709c00000, 0x0000000709d00000|  0%| F|  |TAMS 0x0000000709c00000, 0x0000000709c00000| Untracked 
| 143|0x0000000709d00000, 0x0000000709d00000, 0x0000000709e00000|  0%| F|  |TAMS 0x0000000709d00000, 0x0000000709d00000| Untracked 
| 144|0x0000000709e00000, 0x0000000709e00000, 0x0000000709f00000|  0%| F|  |TAMS 0x0000000709e00000, 0x0000000709e00000| Untracked 
| 145|0x0000000709f00000, 0x0000000709f00000, 0x000000070a000000|  0%| F|  |TAMS 0x0000000709f00000, 0x0000000709f00000| Untracked 
| 146|0x000000070a000000, 0x000000070a000000, 0x000000070a100000|  0%| F|  |TAMS 0x000000070a000000, 0x000000070a000000| Untracked 
| 147|0x000000070a100000, 0x000000070a100000, 0x000000070a200000|  0%| F|  |TAMS 0x000000070a100000, 0x000000070a100000| Untracked 
| 148|0x000000070a200000, 0x000000070a200000, 0x000000070a300000|  0%| F|  |TAMS 0x000000070a200000, 0x000000070a200000| Untracked 
| 149|0x000000070a300000, 0x000000070a300000, 0x000000070a400000|  0%| F|  |TAMS 0x000000070a300000, 0x000000070a300000| Untracked 
| 150|0x000000070a400000, 0x000000070a400000, 0x000000070a500000|  0%| F|  |TAMS 0x000000070a400000, 0x000000070a400000| Untracked 
| 151|0x000000070a500000, 0x000000070a500000, 0x000000070a600000|  0%| F|  |TAMS 0x000000070a500000, 0x000000070a500000| Untracked 
| 152|0x000000070a600000, 0x000000070a600000, 0x000000070a700000|  0%| F|  |TAMS 0x000000070a600000, 0x000000070a600000| Untracked 
| 153|0x000000070a700000, 0x000000070a700000, 0x000000070a800000|  0%| F|  |TAMS 0x000000070a700000, 0x000000070a700000| Untracked 
| 154|0x000000070a800000, 0x000000070a800000, 0x000000070a900000|  0%| F|  |TAMS 0x000000070a800000, 0x000000070a800000| Untracked 
| 155|0x000000070a900000, 0x000000070a900000, 0x000000070aa00000|  0%| F|  |TAMS 0x000000070a900000, 0x000000070a900000| Untracked 
| 156|0x000000070aa00000, 0x000000070aa00000, 0x000000070ab00000|  0%| F|  |TAMS 0x000000070aa00000, 0x000000070aa00000| Untracked 
| 157|0x000000070ab00000, 0x000000070ab00000, 0x000000070ac00000|  0%| F|  |TAMS 0x000000070ab00000, 0x000000070ab00000| Untracked 
| 158|0x000000070ac00000, 0x000000070ac00000, 0x000000070ad00000|  0%| F|  |TAMS 0x000000070ac00000, 0x000000070ac00000| Untracked 
| 159|0x000000070ad00000, 0x000000070ad00000, 0x000000070ae00000|  0%| F|  |TAMS 0x000000070ad00000, 0x000000070ad00000| Untracked 
| 160|0x000000070ae00000, 0x000000070ae00000, 0x000000070af00000|  0%| F|  |TAMS 0x000000070ae00000, 0x000000070ae00000| Untracked 
| 161|0x000000070af00000, 0x000000070af00000, 0x000000070b000000|  0%| F|  |TAMS 0x000000070af00000, 0x000000070af00000| Untracked 
| 162|0x000000070b000000, 0x000000070b000000, 0x000000070b100000|  0%| F|  |TAMS 0x000000070b000000, 0x000000070b000000| Untracked 
| 163|0x000000070b100000, 0x000000070b100000, 0x000000070b200000|  0%| F|  |TAMS 0x000000070b100000, 0x000000070b100000| Untracked 
| 164|0x000000070b200000, 0x000000070b200000, 0x000000070b300000|  0%| F|  |TAMS 0x000000070b200000, 0x000000070b200000| Untracked 
| 165|0x000000070b300000, 0x000000070b300000, 0x000000070b400000|  0%| F|  |TAMS 0x000000070b300000, 0x000000070b300000| Untracked 
| 166|0x000000070b400000, 0x000000070b400000, 0x000000070b500000|  0%| F|  |TAMS 0x000000070b400000, 0x000000070b400000| Untracked 
| 167|0x000000070b500000, 0x000000070b500000, 0x000000070b600000|  0%| F|  |TAMS 0x000000070b500000, 0x000000070b500000| Untracked 
| 168|0x000000070b600000, 0x000000070b600000, 0x000000070b700000|  0%| F|  |TAMS 0x000000070b600000, 0x000000070b600000| Untracked 
| 169|0x000000070b700000, 0x000000070b700000, 0x000000070b800000|  0%| F|  |TAMS 0x000000070b700000, 0x000000070b700000| Untracked 
| 170|0x000000070b800000, 0x000000070b800000, 0x000000070b900000|  0%| F|  |TAMS 0x000000070b800000, 0x000000070b800000| Untracked 
| 171|0x000000070b900000, 0x000000070b900000, 0x000000070ba00000|  0%| F|  |TAMS 0x000000070b900000, 0x000000070b900000| Untracked 
| 172|0x000000070ba00000, 0x000000070ba00000, 0x000000070bb00000|  0%| F|  |TAMS 0x000000070ba00000, 0x000000070ba00000| Untracked 
| 173|0x000000070bb00000, 0x000000070bb00000, 0x000000070bc00000|  0%| F|  |TAMS 0x000000070bb00000, 0x000000070bb00000| Untracked 
| 174|0x000000070bc00000, 0x000000070bc00000, 0x000000070bd00000|  0%| F|  |TAMS 0x000000070bc00000, 0x000000070bc00000| Untracked 
| 175|0x000000070bd00000, 0x000000070bd00000, 0x000000070be00000|  0%| F|  |TAMS 0x000000070bd00000, 0x000000070bd00000| Untracked 
| 176|0x000000070be00000, 0x000000070be00000, 0x000000070bf00000|  0%| F|  |TAMS 0x000000070be00000, 0x000000070be00000| Untracked 
| 177|0x000000070bf00000, 0x000000070bf00000, 0x000000070c000000|  0%| F|  |TAMS 0x000000070bf00000, 0x000000070bf00000| Untracked 
| 178|0x000000070c000000, 0x000000070c000000, 0x000000070c100000|  0%| F|  |TAMS 0x000000070c000000, 0x000000070c000000| Untracked 
| 179|0x000000070c100000, 0x000000070c100000, 0x000000070c200000|  0%| F|  |TAMS 0x000000070c100000, 0x000000070c100000| Untracked 
| 180|0x000000070c200000, 0x000000070c200000, 0x000000070c300000|  0%| F|  |TAMS 0x000000070c200000, 0x000000070c200000| Untracked 
| 181|0x000000070c300000, 0x000000070c300000, 0x000000070c400000|  0%| F|  |TAMS 0x000000070c300000, 0x000000070c300000| Untracked 
| 182|0x000000070c400000, 0x000000070c400000, 0x000000070c500000|  0%| F|  |TAMS 0x000000070c400000, 0x000000070c400000| Untracked 
| 183|0x000000070c500000, 0x000000070c500000, 0x000000070c600000|  0%| F|  |TAMS 0x000000070c500000, 0x000000070c500000| Untracked 
| 184|0x000000070c600000, 0x000000070c600000, 0x000000070c700000|  0%| F|  |TAMS 0x000000070c600000, 0x000000070c600000| Untracked 
| 185|0x000000070c700000, 0x000000070c700000, 0x000000070c800000|  0%| F|  |TAMS 0x000000070c700000, 0x000000070c700000| Untracked 
| 186|0x000000070c800000, 0x000000070c800000, 0x000000070c900000|  0%| F|  |TAMS 0x000000070c800000, 0x000000070c800000| Untracked 
| 187|0x000000070c900000, 0x000000070c900000, 0x000000070ca00000|  0%| F|  |TAMS 0x000000070c900000, 0x000000070c900000| Untracked 
| 188|0x000000070ca00000, 0x000000070ca00000, 0x000000070cb00000|  0%| F|  |TAMS 0x000000070ca00000, 0x000000070ca00000| Untracked 
| 189|0x000000070cb00000, 0x000000070cb00000, 0x000000070cc00000|  0%| F|  |TAMS 0x000000070cb00000, 0x000000070cb00000| Untracked 
| 190|0x000000070cc00000, 0x000000070cc00000, 0x000000070cd00000|  0%| F|  |TAMS 0x000000070cc00000, 0x000000070cc00000| Untracked 
| 191|0x000000070cd00000, 0x000000070cd00000, 0x000000070ce00000|  0%| F|  |TAMS 0x000000070cd00000, 0x000000070cd00000| Untracked 
| 192|0x000000070ce00000, 0x000000070ce00000, 0x000000070cf00000|  0%| F|  |TAMS 0x000000070ce00000, 0x000000070ce00000| Untracked 
| 193|0x000000070cf00000, 0x000000070cf00000, 0x000000070d000000|  0%| F|  |TAMS 0x000000070cf00000, 0x000000070cf00000| Untracked 
| 194|0x000000070d000000, 0x000000070d000000, 0x000000070d100000|  0%| F|  |TAMS 0x000000070d000000, 0x000000070d000000| Untracked 
| 195|0x000000070d100000, 0x000000070d100000, 0x000000070d200000|  0%| F|  |TAMS 0x000000070d100000, 0x000000070d100000| Untracked 
| 196|0x000000070d200000, 0x000000070d200000, 0x000000070d300000|  0%| F|  |TAMS 0x000000070d200000, 0x000000070d200000| Untracked 
| 197|0x000000070d300000, 0x000000070d300000, 0x000000070d400000|  0%| F|  |TAMS 0x000000070d300000, 0x000000070d300000| Untracked 
| 198|0x000000070d400000, 0x000000070d400000, 0x000000070d500000|  0%| F|  |TAMS 0x000000070d400000, 0x000000070d400000| Untracked 
| 199|0x000000070d500000, 0x000000070d500000, 0x000000070d600000|  0%| F|  |TAMS 0x000000070d500000, 0x000000070d500000| Untracked 
| 200|0x000000070d600000, 0x000000070d600000, 0x000000070d700000|  0%| F|  |TAMS 0x000000070d600000, 0x000000070d600000| Untracked 
| 201|0x000000070d700000, 0x000000070d700000, 0x000000070d800000|  0%| F|  |TAMS 0x000000070d700000, 0x000000070d700000| Untracked 
| 202|0x000000070d800000, 0x000000070d800000, 0x000000070d900000|  0%| F|  |TAMS 0x000000070d800000, 0x000000070d800000| Untracked 
| 203|0x000000070d900000, 0x000000070d900000, 0x000000070da00000|  0%| F|  |TAMS 0x000000070d900000, 0x000000070d900000| Untracked 
| 204|0x000000070da00000, 0x000000070da00000, 0x000000070db00000|  0%| F|  |TAMS 0x000000070da00000, 0x000000070da00000| Untracked 
| 205|0x000000070db00000, 0x000000070db00000, 0x000000070dc00000|  0%| F|  |TAMS 0x000000070db00000, 0x000000070db00000| Untracked 
| 206|0x000000070dc00000, 0x000000070dc00000, 0x000000070dd00000|  0%| F|  |TAMS 0x000000070dc00000, 0x000000070dc00000| Untracked 
| 207|0x000000070dd00000, 0x000000070dd00000, 0x000000070de00000|  0%| F|  |TAMS 0x000000070dd00000, 0x000000070dd00000| Untracked 
| 208|0x000000070de00000, 0x000000070de00000, 0x000000070df00000|  0%| F|  |TAMS 0x000000070de00000, 0x000000070de00000| Untracked 
| 209|0x000000070df00000, 0x000000070df00000, 0x000000070e000000|  0%| F|  |TAMS 0x000000070df00000, 0x000000070df00000| Untracked 
| 210|0x000000070e000000, 0x000000070e000000, 0x000000070e100000|  0%| F|  |TAMS 0x000000070e000000, 0x000000070e000000| Untracked 
| 211|0x000000070e100000, 0x000000070e100000, 0x000000070e200000|  0%| F|  |TAMS 0x000000070e100000, 0x000000070e100000| Untracked 
| 212|0x000000070e200000, 0x000000070e200000, 0x000000070e300000|  0%| F|  |TAMS 0x000000070e200000, 0x000000070e200000| Untracked 
| 213|0x000000070e300000, 0x000000070e300000, 0x000000070e400000|  0%| F|  |TAMS 0x000000070e300000, 0x000000070e300000| Untracked 
| 214|0x000000070e400000, 0x000000070e400000, 0x000000070e500000|  0%| F|  |TAMS 0x000000070e400000, 0x000000070e400000| Untracked 
| 215|0x000000070e500000, 0x000000070e500000, 0x000000070e600000|  0%| F|  |TAMS 0x000000070e500000, 0x000000070e500000| Untracked 
| 216|0x000000070e600000, 0x000000070e600000, 0x000000070e700000|  0%| F|  |TAMS 0x000000070e600000, 0x000000070e600000| Untracked 
| 217|0x000000070e700000, 0x000000070e700000, 0x000000070e800000|  0%| F|  |TAMS 0x000000070e700000, 0x000000070e700000| Untracked 
| 218|0x000000070e800000, 0x000000070e800000, 0x000000070e900000|  0%| F|  |TAMS 0x000000070e800000, 0x000000070e800000| Untracked 
| 219|0x000000070e900000, 0x000000070e900000, 0x000000070ea00000|  0%| F|  |TAMS 0x000000070e900000, 0x000000070e900000| Untracked 
| 220|0x000000070ea00000, 0x000000070ea00000, 0x000000070eb00000|  0%| F|  |TAMS 0x000000070ea00000, 0x000000070ea00000| Untracked 
| 221|0x000000070eb00000, 0x000000070eb00000, 0x000000070ec00000|  0%| F|  |TAMS 0x000000070eb00000, 0x000000070eb00000| Untracked 
| 222|0x000000070ec00000, 0x000000070ecb8378, 0x000000070ed00000| 71%| E|  |TAMS 0x000000070ec00000, 0x000000070ec00000| Complete 
| 223|0x000000070ed00000, 0x000000070ee00000, 0x000000070ee00000|100%| E|CS|TAMS 0x000000070ed00000, 0x000000070ed00000| Complete 
| 224|0x000000070ee00000, 0x000000070ef00000, 0x000000070ef00000|100%| E|CS|TAMS 0x000000070ee00000, 0x000000070ee00000| Complete 
| 225|0x000000070ef00000, 0x000000070f000000, 0x000000070f000000|100%| E|  |TAMS 0x000000070ef00000, 0x000000070ef00000| Complete 
| 226|0x000000070f000000, 0x000000070f100000, 0x000000070f100000|100%| E|CS|TAMS 0x000000070f000000, 0x000000070f000000| Complete 
| 227|0x000000070f100000, 0x000000070f200000, 0x000000070f200000|100%| E|CS|TAMS 0x000000070f100000, 0x000000070f100000| Complete 
| 228|0x000000070f200000, 0x000000070f300000, 0x000000070f300000|100%| E|CS|TAMS 0x000000070f200000, 0x000000070f200000| Complete 
| 229|0x000000070f300000, 0x000000070f400000, 0x000000070f400000|100%| E|CS|TAMS 0x000000070f300000, 0x000000070f300000| Complete 
| 230|0x000000070f400000, 0x000000070f500000, 0x000000070f500000|100%| E|CS|TAMS 0x000000070f400000, 0x000000070f400000| Complete 
| 231|0x000000070f500000, 0x000000070f600000, 0x000000070f600000|100%| E|CS|TAMS 0x000000070f500000, 0x000000070f500000| Complete 
| 232|0x000000070f600000, 0x000000070f700000, 0x000000070f700000|100%| E|CS|TAMS 0x000000070f600000, 0x000000070f600000| Complete 
| 233|0x000000070f700000, 0x000000070f800000, 0x000000070f800000|100%| E|CS|TAMS 0x000000070f700000, 0x000000070f700000| Complete 
| 234|0x000000070f800000, 0x000000070f900000, 0x000000070f900000|100%| E|CS|TAMS 0x000000070f800000, 0x000000070f800000| Complete 
| 235|0x000000070f900000, 0x000000070fa00000, 0x000000070fa00000|100%| E|CS|TAMS 0x000000070f900000, 0x000000070f900000| Complete 
| 236|0x000000070fa00000, 0x000000070fb00000, 0x000000070fb00000|100%| E|CS|TAMS 0x000000070fa00000, 0x000000070fa00000| Complete 
| 237|0x000000070fb00000, 0x000000070fc00000, 0x000000070fc00000|100%| E|CS|TAMS 0x000000070fb00000, 0x000000070fb00000| Complete 
| 238|0x000000070fc00000, 0x000000070fd00000, 0x000000070fd00000|100%| E|CS|TAMS 0x000000070fc00000, 0x000000070fc00000| Complete 
| 239|0x000000070fd00000, 0x000000070fe00000, 0x000000070fe00000|100%| E|CS|TAMS 0x000000070fd00000, 0x000000070fd00000| Complete 
| 240|0x000000070fe00000, 0x000000070ff00000, 0x000000070ff00000|100%| E|CS|TAMS 0x000000070fe00000, 0x000000070fe00000| Complete 
| 241|0x000000070ff00000, 0x0000000710000000, 0x0000000710000000|100%| E|CS|TAMS 0x000000070ff00000, 0x000000070ff00000| Complete 
| 242|0x0000000710000000, 0x0000000710100000, 0x0000000710100000|100%| E|CS|TAMS 0x0000000710000000, 0x0000000710000000| Complete 
| 243|0x0000000710100000, 0x0000000710200000, 0x0000000710200000|100%| E|CS|TAMS 0x0000000710100000, 0x0000000710100000| Complete 
| 244|0x0000000710200000, 0x0000000710300000, 0x0000000710300000|100%| E|CS|TAMS 0x0000000710200000, 0x0000000710200000| Complete 
| 245|0x0000000710300000, 0x0000000710400000, 0x0000000710400000|100%| E|CS|TAMS 0x0000000710300000, 0x0000000710300000| Complete 
| 246|0x0000000710400000, 0x0000000710500000, 0x0000000710500000|100%| E|CS|TAMS 0x0000000710400000, 0x0000000710400000| Complete 
| 247|0x0000000710500000, 0x0000000710600000, 0x0000000710600000|100%| E|CS|TAMS 0x0000000710500000, 0x0000000710500000| Complete 
| 248|0x0000000710600000, 0x0000000710700000, 0x0000000710700000|100%| E|CS|TAMS 0x0000000710600000, 0x0000000710600000| Complete 
| 249|0x0000000710700000, 0x0000000710800000, 0x0000000710800000|100%| E|CS|TAMS 0x0000000710700000, 0x0000000710700000| Complete 
| 250|0x0000000710800000, 0x0000000710900000, 0x0000000710900000|100%| E|CS|TAMS 0x0000000710800000, 0x0000000710800000| Complete 
| 251|0x0000000710900000, 0x0000000710a00000, 0x0000000710a00000|100%| E|CS|TAMS 0x0000000710900000, 0x0000000710900000| Complete 
| 252|0x0000000710a00000, 0x0000000710b00000, 0x0000000710b00000|100%| E|CS|TAMS 0x0000000710a00000, 0x0000000710a00000| Complete 
| 253|0x0000000710b00000, 0x0000000710c00000, 0x0000000710c00000|100%| E|CS|TAMS 0x0000000710b00000, 0x0000000710b00000| Complete 
| 254|0x0000000710c00000, 0x0000000710d00000, 0x0000000710d00000|100%| E|CS|TAMS 0x0000000710c00000, 0x0000000710c00000| Complete 
| 255|0x0000000710d00000, 0x0000000710e00000, 0x0000000710e00000|100%| E|CS|TAMS 0x0000000710d00000, 0x0000000710d00000| Complete 

Card table byte_map: [0x0000027b36e70000,0x0000027b37670000] _byte_map_base: 0x0000027b33669000

Marking Bits (Prev, Next): (CMBitMap*) 0x0000027b1cfb6f20, (CMBitMap*) 0x0000027b1cfb6ee8
 Prev Bits: [0x0000027b3be40000, 0x0000027b3fe08000)
 Next Bits: [0x0000027b37e70000, 0x0000027b3be38000)

Polling page: 0x0000027b1d040000

Metaspace:

Usage:
  Non-class:     22.84 MB capacity,    22.27 MB ( 98%) used,   460.06 KB (  2%) free+waste,   124.19 KB ( <1%) overhead. 
      Class:      3.64 MB capacity,     3.21 MB ( 88%) used,   377.81 KB ( 10%) free+waste,    63.38 KB (  2%) overhead. 
       Both:     26.49 MB capacity,    25.49 MB ( 96%) used,   837.88 KB (  3%) free+waste,   187.56 KB ( <1%) overhead. 

Virtual space:
  Non-class space:       24.00 MB reserved,      23.00 MB ( 96%) committed 
      Class space:        1.00 GB reserved,       3.75 MB ( <1%) committed 
             Both:        1.02 GB reserved,      26.75 MB (  3%) committed 

Chunk freelists:
   Non-Class:  4.00 KB
       Class:  0 bytes
        Both:  4.00 KB

CodeHeap 'non-profiled nmethods': size=120000Kb used=1756Kb max_used=1756Kb free=118243Kb
 bounds [0x0000027b2e6e0000, 0x0000027b2e950000, 0x0000027b35c10000]
CodeHeap 'profiled nmethods': size=120000Kb used=7782Kb max_used=7782Kb free=112217Kb
 bounds [0x0000027b271b0000, 0x0000027b27950000, 0x0000027b2e6e0000]
CodeHeap 'non-nmethods': size=5760Kb used=1371Kb max_used=1422Kb free=4388Kb
 bounds [0x0000027b26c10000, 0x0000027b26e80000, 0x0000027b271b0000]
 total_blobs=4646 nmethods=3840 adapters=717
 compilation: enabled
              stopped_count=0, restarted_count=0
 full_count=0

Compilation events (10 events):
Event: 88.187 Thread 0x0000027b43249000 nmethod 3833 0x0000027b27944890 code [0x0000027b27944c00, 0x0000027b279462d8]
Event: 88.192 Thread 0x0000027b43244000 3835       4       java.nio.ByteBuffer::flip (7 bytes)
Event: 88.193 Thread 0x0000027b43244000 nmethod 3835 0x0000027b2e895910 code [0x0000027b2e895aa0, 0x0000027b2e895b18]
Event: 88.195 Thread 0x0000027b43244000 3836       4       java.nio.CharBuffer::limit (6 bytes)
Event: 88.196 Thread 0x0000027b43244000 nmethod 3836 0x0000027b2e895b90 code [0x0000027b2e895d20, 0x0000027b2e895df8]
Event: 88.198 Thread 0x0000027b43244000 3837   !   4       java.io.BufferedWriter::write (117 bytes)
Event: 88.198 Thread 0x0000027b43249000 3838       3       java.util.IdentityHashMap::put (137 bytes)
Event: 88.199 Thread 0x0000027b43249000 nmethod 3838 0x0000027b27946d90 code [0x0000027b27946fc0, 0x0000027b27947ad8]
Event: 88.203 Thread 0x0000027b43244000 nmethod 3837 0x0000027b2e895f10 code [0x0000027b2e8960c0, 0x0000027b2e896858]
Event: 88.207 Thread 0x0000027b43244000 3839       4       java.io.OutputStreamWriter::write (11 bytes)

GC Heap History (10 events):
Event: 0.681 GC heap before
{Heap before GC invocations=0 (full 0):
 garbage-first heap   total 262144K, used 23552K [0x0000000700e00000, 0x0000000800000000)
  region size 1024K, 24 young (24576K), 0 survivors (0K)
 Metaspace       used 11925K, capacity 12271K, committed 12544K, reserved 1060864K
  class space    used 1294K, capacity 1444K, committed 1536K, reserved 1048576K
}
Event: 0.684 GC heap after
{Heap after GC invocations=1 (full 0):
 garbage-first heap   total 262144K, used 2771K [0x0000000700e00000, 0x0000000800000000)
  region size 1024K, 3 young (3072K), 3 survivors (3072K)
 Metaspace       used 11925K, capacity 12271K, committed 12544K, reserved 1060864K
  class space    used 1294K, capacity 1444K, committed 1536K, reserved 1048576K
}
Event: 1.119 GC heap before
{Heap before GC invocations=1 (full 0):
 garbage-first heap   total 262144K, used 32467K [0x0000000700e00000, 0x0000000800000000)
  region size 1024K, 33 young (33792K), 3 survivors (3072K)
 Metaspace       used 20395K, capacity 21065K, committed 21248K, reserved 1067008K
  class space    used 2624K, capacity 2948K, committed 3072K, reserved 1048576K
}
Event: 1.126 GC heap after
{Heap after GC invocations=2 (full 0):
 garbage-first heap   total 262144K, used 6523K [0x0000000700e00000, 0x0000000800000000)
  region size 1024K, 7 young (7168K), 7 survivors (7168K)
 Metaspace       used 20395K, capacity 21065K, committed 21248K, reserved 1067008K
  class space    used 2624K, capacity 2948K, committed 3072K, reserved 1048576K
}
Event: 43.509 GC heap before
{Heap before GC invocations=3 (full 0):
 garbage-first heap   total 262144K, used 52603K [0x0000000700e00000, 0x0000000800000000)
  region size 1024K, 51 young (52224K), 7 survivors (7168K)
 Metaspace       used 25932K, capacity 26990K, committed 27136K, reserved 1073152K
  class space    used 3289K, capacity 3732K, committed 3840K, reserved 1048576K
}
Event: 43.519 GC heap after
{Heap after GC invocations=4 (full 0):
 garbage-first heap   total 262144K, used 11482K [0x0000000700e00000, 0x0000000800000000)
  region size 1024K, 7 young (7168K), 7 survivors (7168K)
 Metaspace       used 25932K, capacity 26990K, committed 27136K, reserved 1073152K
  class space    used 3289K, capacity 3732K, committed 3840K, reserved 1048576K
}
Event: 65.635 GC heap before
{Heap before GC invocations=4 (full 0):
 garbage-first heap   total 262144K, used 100570K [0x0000000700e00000, 0x0000000800000000)
  region size 1024K, 94 young (96256K), 7 survivors (7168K)
 Metaspace       used 26055K, capacity 27124K, committed 27392K, reserved 1073152K
  class space    used 3290K, capacity 3732K, committed 3840K, reserved 1048576K
}
Event: 65.641 GC heap after
{Heap after GC invocations=5 (full 0):
 garbage-first heap   total 262144K, used 12200K [0x0000000700e00000, 0x0000000800000000)
  region size 1024K, 4 young (4096K), 4 survivors (4096K)
 Metaspace       used 26055K, capacity 27124K, committed 27392K, reserved 1073152K
  class space    used 3290K, capacity 3732K, committed 3840K, reserved 1048576K
}
Event: 87.855 GC heap before
{Heap before GC invocations=5 (full 0):
 garbage-first heap   total 262144K, used 143272K [0x0000000700e00000, 0x0000000800000000)
  region size 1024K, 133 young (136192K), 4 survivors (4096K)
 Metaspace       used 26089K, capacity 27124K, committed 27392K, reserved 1073152K
  class space    used 3290K, capacity 3732K, committed 3840K, reserved 1048576K
}
Event: 87.858 GC heap after
{Heap after GC invocations=6 (full 0):
 garbage-first heap   total 262144K, used 11990K [0x0000000700e00000, 0x0000000800000000)
  region size 1024K, 4 young (4096K), 4 survivors (4096K)
 Metaspace       used 26089K, capacity 27124K, committed 27392K, reserved 1073152K
  class space    used 3290K, capacity 3732K, committed 3840K, reserved 1048576K
}

Deoptimization events (10 events):
Event: 23.108 Thread 0x0000027b4460f000 Uncommon trap: reason=class_check action=maybe_recompile pc=0x0000027b2e7fdb74 method=javafx.scene.Node.updateLocalToParentTransform()V @ 11 c2
Event: 23.108 Thread 0x0000027b4460f000 Uncommon trap: reason=class_check action=maybe_recompile pc=0x0000027b2e7fdb74 method=javafx.scene.Node.updateLocalToParentTransform()V @ 11 c2
Event: 23.587 Thread 0x0000027b4460f000 Uncommon trap: reason=unstable_if action=reinterpret pc=0x0000027b2e7f341c method=java.util.HashMap.removeNode(ILjava/lang/Object;Ljava/lang/Object;ZZ)Ljava/util/HashMap$Node; @ 46 c2
Event: 25.080 Thread 0x0000027b4460f000 Uncommon trap: reason=class_check action=maybe_recompile pc=0x0000027b2e7ec360 method=java.util.WeakHashMap.eq(Ljava/lang/Object;Ljava/lang/Object;)Z @ 7 c2
Event: 26.724 Thread 0x0000027b43de4000 Uncommon trap: reason=unstable_if action=reinterpret pc=0x0000027b2e8248d4 method=com.sun.marlin.MaskMarlinAlphaConsumer.setAndClearRelativeAlphas([I[IIII)V @ 369 c2
Event: 33.962 Thread 0x0000027b4454d800 Uncommon trap: reason=unstable_if action=reinterpret pc=0x0000027b2e790a34 method=java.util.concurrent.ConcurrentHashMap.putVal(Ljava/lang/Object;Ljava/lang/Object;Z)Ljava/lang/Object; @ 256 c2
Event: 87.868 Thread 0x0000027b4292e800 Uncommon trap: reason=speculate_class_check action=maybe_recompile pc=0x0000027b2e892794 method=jdk.internal.ref.PhantomCleanable.clean()V @ 12 c2
Event: 87.868 Thread 0x0000027b4292e800 Uncommon trap: reason=speculate_class_check action=maybe_recompile pc=0x0000027b2e892794 method=jdk.internal.ref.PhantomCleanable.clean()V @ 12 c2
Event: 87.868 Thread 0x0000027b4292e800 Uncommon trap: reason=speculate_class_check action=maybe_recompile pc=0x0000027b2e892794 method=jdk.internal.ref.PhantomCleanable.clean()V @ 12 c2
Event: 87.869 Thread 0x0000027b4292e800 Uncommon trap: reason=speculate_class_check action=maybe_recompile pc=0x0000027b2e892794 method=jdk.internal.ref.PhantomCleanable.clean()V @ 12 c2

Classes redefined (0 events):
No events

Internal exceptions (10 events):
Event: 88.210 Thread 0x0000027b4454d800 Exception <a 'java/io/IOException'{0x000000070f31bdd8}> (0x000000070f31bdd8) thrown at [./open/src/hotspot/share/prims/jni.cpp, line 611]
Event: 88.210 Thread 0x0000027b4454d800 Exception <a 'java/io/IOException'{0x000000070f31c518}> (0x000000070f31c518) thrown at [./open/src/hotspot/share/prims/jni.cpp, line 611]
Event: 88.210 Thread 0x0000027b4454d800 Exception <a 'java/io/IOException'{0x000000070f31c860}> (0x000000070f31c860) thrown at [./open/src/hotspot/share/prims/jni.cpp, line 611]
Event: 88.210 Thread 0x0000027b4454d800 Exception <a 'java/io/IOException'{0x000000070f31cb78}> (0x000000070f31cb78) thrown at [./open/src/hotspot/share/prims/jni.cpp, line 611]
Event: 88.210 Thread 0x0000027b4454d800 Exception <a 'java/io/IOException'{0x000000070f31d2e0}> (0x000000070f31d2e0) thrown at [./open/src/hotspot/share/prims/jni.cpp, line 611]
Event: 88.210 Thread 0x0000027b4454d800 Exception <a 'java/io/IOException'{0x000000070f31d628}> (0x000000070f31d628) thrown at [./open/src/hotspot/share/prims/jni.cpp, line 611]
Event: 88.210 Thread 0x0000027b4454d800 Exception <a 'java/io/IOException'{0x000000070f31d940}> (0x000000070f31d940) thrown at [./open/src/hotspot/share/prims/jni.cpp, line 611]
Event: 88.210 Thread 0x0000027b4454d800 Exception <a 'java/io/IOException'{0x000000070f31dcf8}> (0x000000070f31dcf8) thrown at [./open/src/hotspot/share/prims/jni.cpp, line 611]
Event: 88.210 Thread 0x0000027b4454d800 Exception <a 'java/io/IOException'{0x000000070f31e040}> (0x000000070f31e040) thrown at [./open/src/hotspot/share/prims/jni.cpp, line 611]
Event: 88.210 Thread 0x0000027b4454d800 Exception <a 'java/io/IOException'{0x000000070f31e358}> (0x000000070f31e358) thrown at [./open/src/hotspot/share/prims/jni.cpp, line 611]

Events (10 events):
Event: 87.868 Thread 0x0000027b4292e800 DEOPT UNPACKING pc=0x0000027b26c368af sp=0x000000d41feff5a0 mode 2
Event: 87.868 Thread 0x0000027b4292e800 Uncommon trap: trap_request=0xffffff6e fr.pc=0x0000027b2e892794 relative=0x0000000000000574
Event: 87.868 Thread 0x0000027b4292e800 DEOPT PACKING pc=0x0000027b2e892794 sp=0x000000d41feff5c0
Event: 87.868 Thread 0x0000027b4292e800 DEOPT UNPACKING pc=0x0000027b26c368af sp=0x000000d41feff5a0 mode 2
Event: 87.868 Thread 0x0000027b4292e800 Uncommon trap: trap_request=0xffffff6e fr.pc=0x0000027b2e892794 relative=0x0000000000000574
Event: 87.868 Thread 0x0000027b4292e800 DEOPT PACKING pc=0x0000027b2e892794 sp=0x000000d41feff5c0
Event: 87.868 Thread 0x0000027b4292e800 DEOPT UNPACKING pc=0x0000027b26c368af sp=0x000000d41feff5a0 mode 2
Event: 87.869 Thread 0x0000027b4292e800 Uncommon trap: trap_request=0xffffff6e fr.pc=0x0000027b2e892794 relative=0x0000000000000574
Event: 87.869 Thread 0x0000027b4292e800 DEOPT PACKING pc=0x0000027b2e892794 sp=0x000000d41feff5c0
Event: 87.869 Thread 0x0000027b4292e800 DEOPT UNPACKING pc=0x0000027b26c368af sp=0x000000d41feff5a0 mode 2


Dynamic libraries:
0x00007ff6a56d0000 - 0x00007ff6a56df000 	D:\Program Files\Java\jdk-11.0.11\bin\java.exe
0x00007ffde3130000 - 0x00007ffde3325000 	C:\Windows\SYSTEM32\ntdll.dll
0x00007ffde13e0000 - 0x00007ffde149e000 	C:\Windows\System32\KERNEL32.DLL
0x00007ffde0a00000 - 0x00007ffde0cc8000 	C:\Windows\System32\KERNELBASE.dll
0x00007ffde0e60000 - 0x00007ffde0f60000 	C:\Windows\System32\ucrtbase.dll
0x00007ffddc460000 - 0x00007ffddc475000 	D:\Program Files\Java\jdk-11.0.11\bin\VCRUNTIME140.dll
0x00007ffddad10000 - 0x00007ffddad28000 	D:\Program Files\Java\jdk-11.0.11\bin\jli.dll
0x00007ffde2ea0000 - 0x00007ffde2f4e000 	C:\Windows\System32\ADVAPI32.dll
0x00007ffde2f50000 - 0x00007ffde2fee000 	C:\Windows\System32\msvcrt.dll
0x00007ffde1650000 - 0x00007ffde16ec000 	C:\Windows\System32\sechost.dll
0x00007ffde12b0000 - 0x00007ffde13d5000 	C:\Windows\System32\RPCRT4.dll
0x00007ffde1c40000 - 0x00007ffde1de0000 	C:\Windows\System32\USER32.dll
0x00007ffdce140000 - 0x00007ffdce3da000 	C:\Windows\WinSxS\amd64_microsoft.windows.common-controls_6595b64144ccf1df_6.0.19041.1110_none_60b5254171f9507e\COMCTL32.dll
0x00007ffde0e30000 - 0x00007ffde0e52000 	C:\Windows\System32\win32u.dll
0x00007ffde2ad0000 - 0x00007ffde2afb000 	C:\Windows\System32\GDI32.dll
0x00007ffde08f0000 - 0x00007ffde09fb000 	C:\Windows\System32\gdi32full.dll
0x00007ffde0850000 - 0x00007ffde08ed000 	C:\Windows\System32\msvcp_win.dll
0x00007ffdd6640000 - 0x00007ffdd664a000 	C:\Windows\SYSTEM32\VERSION.dll
0x00007ffde2e60000 - 0x00007ffde2e90000 	C:\Windows\System32\IMM32.DLL
0x00007ffdc97c0000 - 0x00007ffdc985b000 	D:\Program Files\Java\jdk-11.0.11\bin\msvcp140.dll
0x00007ffd8bb00000 - 0x00007ffd8c5fe000 	D:\Program Files\Java\jdk-11.0.11\bin\server\jvm.dll
0x00007ffdd4590000 - 0x00007ffdd45b7000 	C:\Windows\SYSTEM32\WINMM.dll
0x00007ffde2e90000 - 0x00007ffde2e98000 	C:\Windows\System32\PSAPI.DLL
0x00007ffdc68f0000 - 0x00007ffdc68f9000 	C:\Windows\SYSTEM32\WSOCK32.dll
0x00007ffde2750000 - 0x00007ffde27bb000 	C:\Windows\System32\WS2_32.dll
0x00007ffdde740000 - 0x00007ffdde752000 	C:\Windows\SYSTEM32\kernel.appcore.dll
0x00007ffddc4e0000 - 0x00007ffddc4f0000 	D:\Program Files\Java\jdk-11.0.11\bin\verify.dll
0x00007ffdd3ee0000 - 0x00007ffdd40c4000 	C:\Windows\SYSTEM32\DBGHELP.DLL
0x00007ffdd4270000 - 0x00007ffdd429c000 	C:\Windows\SYSTEM32\dbgcore.DLL
0x00007ffde0f60000 - 0x00007ffde0fe2000 	C:\Windows\System32\bcryptPrimitives.dll
0x00007ffddac40000 - 0x00007ffddac68000 	D:\Program Files\Java\jdk-11.0.11\bin\java.dll
0x00007ffddc450000 - 0x00007ffddc45a000 	D:\Program Files\Java\jdk-11.0.11\bin\jimage.dll
0x00007ffddb6b0000 - 0x00007ffddb6c6000 	D:\Program Files\Java\jdk-11.0.11\bin\zip.dll
0x00007ffde1ec0000 - 0x00007ffde2604000 	C:\Windows\System32\SHELL32.dll
0x00007ffdde940000 - 0x00007ffddf0d4000 	C:\Windows\SYSTEM32\windows.storage.dll
0x00007ffde2b00000 - 0x00007ffde2e54000 	C:\Windows\System32\combase.dll
0x00007ffde01d0000 - 0x00007ffde01fc000 	C:\Windows\SYSTEM32\Wldp.dll
0x00007ffde2900000 - 0x00007ffde29ad000 	C:\Windows\System32\SHCORE.dll
0x00007ffde1190000 - 0x00007ffde11e5000 	C:\Windows\System32\shlwapi.dll
0x00007ffde0790000 - 0x00007ffde07af000 	C:\Windows\SYSTEM32\profapi.dll
0x00007ffddaa20000 - 0x00007ffddaa39000 	D:\Program Files\Java\jdk-11.0.11\bin\net.dll
0x00007ffdda740000 - 0x00007ffdda849000 	C:\Windows\SYSTEM32\WINHTTP.dll
0x00007ffddff40000 - 0x00007ffddffaa000 	C:\Windows\system32\mswsock.dll
0x00007ffdda860000 - 0x00007ffdda872000 	D:\Program Files\Java\jdk-11.0.11\bin\nio.dll
0x0000027b1d080000 - 0x0000027b1d083000 	C:\Users\PaoloDooM\.openjfx\cache\13\api-ms-win-core-console-l1-1-0.dll
0x0000027b44e90000 - 0x0000027b44e93000 	C:\Users\PaoloDooM\.openjfx\cache\13\api-ms-win-core-datetime-l1-1-0.dll
0x0000027b44ea0000 - 0x0000027b44ea3000 	C:\Users\PaoloDooM\.openjfx\cache\13\api-ms-win-core-debug-l1-1-0.dll
0x0000027b44eb0000 - 0x0000027b44eb3000 	C:\Users\PaoloDooM\.openjfx\cache\13\api-ms-win-core-errorhandling-l1-1-0.dll
0x0000027b44ec0000 - 0x0000027b44ec4000 	C:\Users\PaoloDooM\.openjfx\cache\13\api-ms-win-core-file-l1-1-0.dll
0x0000027b44ed0000 - 0x0000027b44ed3000 	C:\Users\PaoloDooM\.openjfx\cache\13\api-ms-win-core-file-l1-2-0.dll
0x0000027b44ee0000 - 0x0000027b44ee3000 	C:\Users\PaoloDooM\.openjfx\cache\13\api-ms-win-core-file-l2-1-0.dll
0x0000027b44ef0000 - 0x0000027b44ef3000 	C:\Users\PaoloDooM\.openjfx\cache\13\api-ms-win-core-handle-l1-1-0.dll
0x0000027b44f00000 - 0x0000027b44f03000 	C:\Users\PaoloDooM\.openjfx\cache\13\api-ms-win-core-heap-l1-1-0.dll
0x0000027b44f10000 - 0x0000027b44f13000 	C:\Users\PaoloDooM\.openjfx\cache\13\api-ms-win-core-interlocked-l1-1-0.dll
0x0000027b44f20000 - 0x0000027b44f23000 	C:\Users\PaoloDooM\.openjfx\cache\13\api-ms-win-core-libraryloader-l1-1-0.dll
0x0000027b44f30000 - 0x0000027b44f33000 	C:\Users\PaoloDooM\.openjfx\cache\13\api-ms-win-core-localization-l1-2-0.dll
0x0000027b44f40000 - 0x0000027b44f43000 	C:\Users\PaoloDooM\.openjfx\cache\13\api-ms-win-core-memory-l1-1-0.dll
0x0000027b44f50000 - 0x0000027b44f53000 	C:\Users\PaoloDooM\.openjfx\cache\13\api-ms-win-core-namedpipe-l1-1-0.dll
0x0000027b44f60000 - 0x0000027b44f63000 	C:\Users\PaoloDooM\.openjfx\cache\13\api-ms-win-core-processenvironment-l1-1-0.dll
0x0000027b44f70000 - 0x0000027b44f73000 	C:\Users\PaoloDooM\.openjfx\cache\13\api-ms-win-core-processthreads-l1-1-0.dll
0x0000027b44f80000 - 0x0000027b44f83000 	C:\Users\PaoloDooM\.openjfx\cache\13\api-ms-win-core-processthreads-l1-1-1.dll
0x0000027b44f90000 - 0x0000027b44f93000 	C:\Users\PaoloDooM\.openjfx\cache\13\api-ms-win-core-profile-l1-1-0.dll
0x0000027b44fa0000 - 0x0000027b44fa3000 	C:\Users\PaoloDooM\.openjfx\cache\13\api-ms-win-core-rtlsupport-l1-1-0.dll
0x0000027b44fb0000 - 0x0000027b44fb3000 	C:\Users\PaoloDooM\.openjfx\cache\13\api-ms-win-core-string-l1-1-0.dll
0x0000027b44fc0000 - 0x0000027b44fc3000 	C:\Users\PaoloDooM\.openjfx\cache\13\api-ms-win-core-synch-l1-1-0.dll
0x0000027b44fd0000 - 0x0000027b44fd3000 	C:\Users\PaoloDooM\.openjfx\cache\13\api-ms-win-core-synch-l1-2-0.dll
0x0000027b44fe0000 - 0x0000027b44fe3000 	C:\Users\PaoloDooM\.openjfx\cache\13\api-ms-win-core-sysinfo-l1-1-0.dll
0x0000027b44ff0000 - 0x0000027b44ff3000 	C:\Users\PaoloDooM\.openjfx\cache\13\api-ms-win-core-timezone-l1-1-0.dll
0x0000027b45000000 - 0x0000027b45003000 	C:\Users\PaoloDooM\.openjfx\cache\13\api-ms-win-core-util-l1-1-0.dll
0x0000027b45010000 - 0x0000027b45013000 	C:\Users\PaoloDooM\.openjfx\cache\13\api-ms-win-crt-conio-l1-1-0.dll
0x0000027b45020000 - 0x0000027b45024000 	C:\Users\PaoloDooM\.openjfx\cache\13\api-ms-win-crt-convert-l1-1-0.dll
0x0000027b45030000 - 0x0000027b45033000 	C:\Users\PaoloDooM\.openjfx\cache\13\api-ms-win-crt-environment-l1-1-0.dll
0x0000027b45040000 - 0x0000027b45043000 	C:\Users\PaoloDooM\.openjfx\cache\13\api-ms-win-crt-filesystem-l1-1-0.dll
0x0000027b45050000 - 0x0000027b45053000 	C:\Users\PaoloDooM\.openjfx\cache\13\api-ms-win-crt-heap-l1-1-0.dll
0x0000027b45060000 - 0x0000027b45063000 	C:\Users\PaoloDooM\.openjfx\cache\13\api-ms-win-crt-locale-l1-1-0.dll
0x0000027b45070000 - 0x0000027b45075000 	C:\Users\PaoloDooM\.openjfx\cache\13\api-ms-win-crt-math-l1-1-0.dll
0x0000027b45080000 - 0x0000027b45085000 	C:\Users\PaoloDooM\.openjfx\cache\13\api-ms-win-crt-multibyte-l1-1-0.dll
0x0000027b45090000 - 0x0000027b450a0000 	C:\Users\PaoloDooM\.openjfx\cache\13\api-ms-win-crt-private-l1-1-0.dll
0x0000027b450a0000 - 0x0000027b450a3000 	C:\Users\PaoloDooM\.openjfx\cache\13\api-ms-win-crt-process-l1-1-0.dll
0x0000027b450b0000 - 0x0000027b450b4000 	C:\Users\PaoloDooM\.openjfx\cache\13\api-ms-win-crt-runtime-l1-1-0.dll
0x0000027b450c0000 - 0x0000027b450c4000 	C:\Users\PaoloDooM\.openjfx\cache\13\api-ms-win-crt-stdio-l1-1-0.dll
0x0000027b450d0000 - 0x0000027b450d4000 	C:\Users\PaoloDooM\.openjfx\cache\13\api-ms-win-crt-string-l1-1-0.dll
0x0000027b450e0000 - 0x0000027b450e3000 	C:\Users\PaoloDooM\.openjfx\cache\13\api-ms-win-crt-time-l1-1-0.dll
0x0000027b450f0000 - 0x0000027b450f3000 	C:\Users\PaoloDooM\.openjfx\cache\13\api-ms-win-crt-utility-l1-1-0.dll
0x00007ffdb82d0000 - 0x00007ffdb83cc000 	C:\Users\PaoloDooM\.openjfx\cache\13\ucrtbase.dll
0x00007ffddacf0000 - 0x00007ffddad05000 	C:\Users\PaoloDooM\.openjfx\cache\13\vcruntime140.dll
0x00007ffdc6170000 - 0x00007ffdc620b000 	C:\Users\PaoloDooM\.openjfx\cache\13\msvcp140.dll
0x00007ffdc8230000 - 0x00007ffdc8281000 	C:\Users\PaoloDooM\.openjfx\cache\13\concrt140.dll
0x00007ffddacc0000 - 0x00007ffddace3000 	C:\Users\PaoloDooM\.openjfx\cache\13\prism_d3d.dll
0x00007ffdce3e0000 - 0x00007ffdce5af000 	C:\Windows\system32\d3d9.dll
0x00007ffdde560000 - 0x00007ffdde58f000 	C:\Windows\SYSTEM32\dwmapi.dll
0x00007ffdde260000 - 0x00007ffdde2fe000 	C:\Windows\system32\uxtheme.dll
0x00007ffdd46e0000 - 0x00007ffdd47e6000 	C:\Windows\System32\DriverStore\FileRepository\nv_dispi.inf_amd64_c0e159863e7afdde\nvldumdx.dll
0x00007ffde0430000 - 0x00007ffde0442000 	C:\Windows\SYSTEM32\msasn1.dll
0x00007ffdd6250000 - 0x00007ffdd6281000 	C:\Windows\SYSTEM32\cryptnet.dll
0x00007ffde0cd0000 - 0x00007ffde0e26000 	C:\Windows\System32\CRYPT32.dll
0x00007ffdd6a10000 - 0x00007ffdd6b58000 	C:\Windows\SYSTEM32\drvstore.dll
0x00007ffde05f0000 - 0x00007ffde0623000 	C:\Windows\SYSTEM32\devobj.dll
0x00007ffde1090000 - 0x00007ffde10de000 	C:\Windows\System32\cfgmgr32.dll
0x00007ffde0140000 - 0x00007ffde014c000 	C:\Windows\SYSTEM32\cryptbase.dll
0x00007ffde1020000 - 0x00007ffde1088000 	C:\Windows\System32\WINTRUST.DLL
0x00007ffde30d0000 - 0x00007ffde30ed000 	C:\Windows\System32\imagehlp.dll
0x00007ffde0210000 - 0x00007ffde0228000 	C:\Windows\SYSTEM32\CRYPTSP.dll
0x00007ffddf880000 - 0x00007ffddf8b4000 	C:\Windows\system32\rsaenh.dll
0x00007ffde0ff0000 - 0x00007ffde1017000 	C:\Windows\System32\bcrypt.dll
0x00007ffd8a370000 - 0x00007ffd8baf8000 	C:\Windows\System32\DriverStore\FileRepository\nv_dispi.inf_amd64_c0e159863e7afdde\nvd3dumx.dll
0x00007ffdc0490000 - 0x00007ffdc04d5000 	C:\Users\PaoloDooM\.openjfx\cache\13\glass.dll
0x00007ffde2ff0000 - 0x00007ffde30cb000 	C:\Windows\System32\COMDLG32.dll
0x00007ffde2620000 - 0x00007ffde274a000 	C:\Windows\System32\ole32.dll
0x00007ffde16f0000 - 0x00007ffde17bd000 	C:\Windows\System32\OLEAUT32.dll
0x0000000180000000 - 0x0000000182dd7000 	D:\Program Files (x86)\RivaTuner Statistics Server\RTSSHooks64.dll
0x00007ffde17d0000 - 0x00007ffde1c40000 	C:\Windows\System32\SETUPAPI.dll
0x00007ffde29b0000 - 0x00007ffde2ac6000 	C:\Windows\System32\MSCTF.dll
0x00007ffd983c0000 - 0x00007ffd98687000 	C:\Windows\system32\nvspcap64.dll
0x00007ffddf510000 - 0x00007ffddf543000 	C:\Windows\SYSTEM32\ntmarta.dll
0x00007ffddf0f0000 - 0x00007ffddf113000 	C:\Windows\SYSTEM32\gpapi.dll
0x00007ffdd9e10000 - 0x00007ffdd9e4b000 	C:\Windows\SYSTEM32\dxcore.dll
0x00007ffdd8c40000 - 0x00007ffdd8c54000 	C:\Users\PaoloDooM\.openjfx\cache\13\javafx_font.dll
0x00007ffdc8330000 - 0x00007ffdc8364000 	C:\Users\PaoloDooM\AppData\Local\Temp\jSerialComm\1650070277023-jSerialComm.dll
0x00007ffdd1b50000 - 0x00007ffdd1dcf000 	C:\Windows\SYSTEM32\dwrite.dll
0x00007ffde2850000 - 0x00007ffde28f9000 	C:\Windows\System32\clbcatq.dll
0x00007ffdd7ef0000 - 0x00007ffdd80a4000 	C:\Windows\SYSTEM32\WindowsCodecs.dll
0x00007ffdab3c0000 - 0x00007ffdab3fe000 	C:\Windows\system32\dataexchange.dll
0x00007ffddd220000 - 0x00007ffddd484000 	C:\Windows\system32\d3d11.dll
0x00007ffddd490000 - 0x00007ffddd675000 	C:\Windows\system32\dcomp.dll
0x00007ffddf120000 - 0x00007ffddf213000 	C:\Windows\system32\dxgi.dll
0x00007ffdd8a20000 - 0x00007ffdd8c21000 	C:\Windows\system32\twinapi.appcore.dll
0x00007ffdbe1b0000 - 0x00007ffdbe1e4000 	C:\Program Files\Common Files\Microsoft Shared\Ink\rtscom.dll

dbghelp: loaded successfully - version: 4.0.5 - missing functions: none
symbol engine: initialized successfully - sym options: 0x614 - pdb path: .;D:\Program Files\Java\jdk-11.0.11\bin;C:\Windows\SYSTEM32;C:\Windows\WinSxS\amd64_microsoft.windows.common-controls_6595b64144ccf1df_6.0.19041.1110_none_60b5254171f9507e;D:\Program Files\Java\jdk-11.0.11\bin\server;C:\Users\PaoloDooM\.openjfx\cache\13;C:\Windows\System32\DriverStore\FileRepository\nv_dispi.inf_amd64_c0e159863e7afdde;D:\Program Files (x86)\RivaTuner Statistics Server;C:\Users\PaoloDooM\AppData\Local\Temp\jSerialComm;C:\Program Files\Common Files\Microsoft Shared\Ink

VM Arguments:
jvm_args: --module-path=E:\NetBeansProjects\sppcontroller\target\classes;E:\.m2\repository\com\fazecast\jSerialComm\2.9.1\jSerialComm-2.9.1.jar;E:\.m2\repository\org\openjfx\javafx-base\13\javafx-base-13-win.jar;E:\.m2\repository\org\openjfx\javafx-controls\13\javafx-controls-13-win.jar;E:\.m2\repository\org\openjfx\javafx-fxml\13\javafx-fxml-13-win.jar;E:\.m2\repository\org\openjfx\javafx-graphics\13\javafx-graphics-13-win.jar --add-modules=com.paolodoom.sppcontroller -Djdk.module.main=com.paolodoom.sppcontroller 
java_command: com.paolodoom.sppcontroller/com.paolodoom.sppcontroller.App
java_class_path (initial): E:\NetBeansProjects\sppcontroller\target\classes;E:\.m2\repository\org\openjfx\javafx-base\13\javafx-base-13.jar;E:\.m2\repository\org\openjfx\javafx-controls\13\javafx-controls-13.jar;E:\.m2\repository\org\openjfx\javafx-fxml\13\javafx-fxml-13.jar;E:\.m2\repository\org\openjfx\javafx-graphics\13\javafx-graphics-13.jar
Launcher Type: SUN_STANDARD

[Global flags]
     intx CICompilerCount                          = 4                                         {product} {ergonomic}
     uint ConcGCThreads                            = 2                                         {product} {ergonomic}
     uint G1ConcRefinementThreads                  = 8                                         {product} {ergonomic}
   size_t G1HeapRegionSize                         = 1048576                                   {product} {ergonomic}
    uintx GCDrainStackTargetSize                   = 64                                        {product} {ergonomic}
   size_t InitialHeapSize                          = 268435456                                 {product} {ergonomic}
   size_t MarkStackSize                            = 4194304                                   {product} {ergonomic}
   size_t MaxHeapSize                              = 4280287232                                {product} {ergonomic}
   size_t MaxNewSize                               = 2567962624                                {product} {ergonomic}
   size_t MinHeapDeltaBytes                        = 1048576                                   {product} {ergonomic}
    uintx NonNMethodCodeHeapSize                   = 5836300                                {pd product} {ergonomic}
    uintx NonProfiledCodeHeapSize                  = 122910970                              {pd product} {ergonomic}
    uintx ProfiledCodeHeapSize                     = 122910970                              {pd product} {ergonomic}
    uintx ReservedCodeCacheSize                    = 251658240                              {pd product} {ergonomic}
     bool SegmentedCodeCache                       = true                                      {product} {ergonomic}
     bool UseCompressedClassPointers               = true                                 {lp64_product} {ergonomic}
     bool UseCompressedOops                        = true                                 {lp64_product} {ergonomic}
     bool UseG1GC                                  = true                                      {product} {ergonomic}
     bool UseLargePagesIndividualAllocation        = false                                  {pd product} {ergonomic}

Logging:
Log output configuration:
 #0: stdout all=warning uptime,level,tags
 #1: stderr all=off uptime,level,tags

Environment Variables:
JAVA_HOME=D:\Program Files\Java\jdk-11.0.11
PATH=C:\Program Files\Common Files\Oracle\Java\javapath;C:\Program Files (x86)\Common Files\Oracle\Java\javapath;E:\Program Files\Python39\Scripts\;E:\Program Files\Python39\;C:\Windows\system32;C:\Windows;C:\Windows\System32\Wbem;C:\Windows\System32\WindowsPowerShell\v1.0\;C:\Windows\System32\OpenSSH\;C:\Program Files (x86)\NVIDIA Corporation\PhysX\Common;C:\Program Files\NVIDIA Corporation\NVIDIA NvDLISR;D:\Program Files\Git\cmd;D:\AndroidSdk\platform-tools;E:\Program Files\apache-maven-3.6.3\\bin;D:\xampp\php;C:\ProgramData\ComposerSetup\bin;E:\Program Files\nodejs\;E:\Program Files\TortoiseSVN\bin;D:\dart-sdk\bin;D:\pub-cache\bin;E:\msys64\mingw64\bin;E:\Program Files\PostgreSQL\13\bin;;C:\Program Files\Docker\Docker\resources\bin;C:\ProgramData\DockerDesktop\version-bin;E:\Program Files\PuTTY\;D:\Program Files\Ruby27-x64\bin;C:\Users\PaoloDooM\AppData\Local\Microsoft\WindowsApps;D:\Program Files\Microsoft VS Code\bin;C:\Users\PaoloDooM\AppData\Roaming\Composer\vendor\bin;C:\Users\PaoloDooM\AppData\Roaming\npm
USERNAME=PaoloDooM
OS=Windows_NT
PROCESSOR_IDENTIFIER=AMD64 Family 23 Model 113 Stepping 0, AuthenticAMD



---------------  S Y S T E M  ---------------

OS: Windows 10 , 64 bit Build 19041 (10.0.19041.1566)
Hyper-V role detected

CPU:total 8 (initial active 8) (8 cores per cpu, 2 threads per core) family 23 model 113 stepping 0 microcode 0x0, cmov, cx8, fxsr, mmx, sse, sse2, sse3, ssse3, sse4.1, sse4.2, popcnt, avx, avx2, aes, clmul, mmxext, 3dnowpref, lzcnt, sse4a, ht, tsc, tscinvbit, tscinv, bmi1, bmi2, adx, 

Memory: 4k page, system-wide physical 16323M (3193M free)
TotalPageFile size 44719M (AvailPageFile size 0M)
current process WorkingSet (physical memory assigned to process): 258M, peak: 258M
current process commit charge ("private bytes"): 476M, peak: 502M

vm_info: Java HotSpot(TM) 64-Bit Server VM (11.0.11+9-LTS-194) for windows-amd64 JRE (11.0.11+9-LTS-194), built on Mar 18 2021 18:46:53 by "mach5one" with MS VC++ 15.9 (VS2017)

END.
